<?xml version="1.0" encoding="UTF-8" ?>
<testsuites name="vitest tests" tests="4" failures="0" errors="0" time="0.026379291">
    <testsuite name="src/__tests__/indexTest.test.jsx" timestamp="2026-02-10T18:39:27.044Z" hostname="NidaPC.local" tests="4" failures="0" errors="0" skipped="0" time="0.026379291">
        <testcase classname="src/__tests__/indexTest.test.jsx" name="renders product dashboard title" time="0.015789667">
        </testcase>
        <testcase classname="src/__tests__/indexTest.test.jsx" name="displays all products initially" time="0.00262875">
        </testcase>
        <testcase classname="src/__tests__/indexTest.test.jsx" name="applies conditional styling for out-of-stock products" time="0.002484291">
        </testcase>
        <testcase classname="src/__tests__/indexTest.test.jsx" name="removes product from the dashboard when &quot;Remove&quot; button is clicked" time="0.004941">
        </testcase>
    </testsuite>
</testsuites>
